This is pdfTeX, Version 3.14159265-2.6-1.40.21 (TeX Live 2020) (preloaded format=pdflatex 2020.8.17)  18 AUG 2020 20:23
entering extended mode
 restricted \write18 enabled.
 file:line:error style messages enabled.
 %&-line parsing enabled.
**file1.tex
(./file1.tex
LaTeX2e <2020-02-02> patch level 5
L3 programming layer <2020-08-07>
(/opt/texlive/texdir/texmf-dist/tex/latex/base/article.cls
Document Class: article 2019/12/20 v1.4l Standard LaTeX document class
(/opt/texlive/texdir/texmf-dist/tex/latex/base/size10.clo
File: size10.clo 2019/12/20 v1.4l Standard LaTeX file (size option)
)
\c@part=\count168
\c@section=\count169
\c@subsection=\count170
\c@subsubsection=\count171
\c@paragraph=\count172
\c@subparagraph=\count173
\c@figure=\count174
\c@table=\count175
\abovecaptionskip=\skip47
\belowcaptionskip=\skip48
\bibindent=\dimen134
)
(/opt/texlive/texdir/texmf-dist/tex/latex/blindtext/blindtext.sty
Package: blindtext 2012/01/06 V2.0 blindtext-Package

(/opt/texlive/texdir/texmf-dist/tex/latex/tools/xspace.sty
Package: xspace 2014/10/28 v1.13 Space after command names (DPC,MH)
)
\c@blindtext=\count176
\c@Blindtext=\count177
\c@blind@countparstart=\count178
\blind@countxx=\count179
\blindtext@numBlindtext=\count180
\blind@countyy=\count181
\c@blindlist=\count182
\c@blindlistlevel=\count183
\c@blindlist@level=\count184
\blind@listitem=\count185
\c@blind@listcount=\count186
\c@blind@levelcount=\count187
\blind@mathformula=\count188
\blind@Mathformula=\count189
\c@blind@randomcount=\count190
\c@blind@randommax=\count191
\c@blind@pangramcount=\count192
\c@blind@pangrammax=\count193
)
(/opt/texlive/texdir/texmf-dist/tex/latex/l3backend/l3backend-pdfmode.def
File: l3backend-pdfmode.def 2020-08-07 L3 backend support: PDF mode
\l__kernel_color_stack_int=\count194
\l__pdf_internal_box=\box45
)
(./file1.aux)
\openout1 = `file1.aux'.

LaTeX Font Info:    Checking defaults for OML/cmm/m/it on input line 3.
LaTeX Font Info:    ... okay on input line 3.
LaTeX Font Info:    Checking defaults for OMS/cmsy/m/n on input line 3.
LaTeX Font Info:    ... okay on input line 3.
LaTeX Font Info:    Checking defaults for OT1/cmr/m/n on input line 3.
LaTeX Font Info:    ... okay on input line 3.
LaTeX Font Info:    Checking defaults for T1/cmr/m/n on input line 3.
LaTeX Font Info:    ... okay on input line 3.
LaTeX Font Info:    Checking defaults for TS1/cmr/m/n on input line 3.
LaTeX Font Info:    ... okay on input line 3.
LaTeX Font Info:    Checking defaults for OMX/cmex/m/n on input line 3.
LaTeX Font Info:    ... okay on input line 3.
LaTeX Font Info:    Checking defaults for U/cmr/m/n on input line 3.
LaTeX Font Info:    ... okay on input line 3.
 [1

{/opt/texlive/texdir/texmf-var/fonts/map/pdftex/updmap/pdftex.map}] [2] [3] (./
file1.aux) ) 
Here is how much of TeX's memory you used:
 553 strings out of 480893
 9267 string characters out of 5910023
 247048 words of memory out of 5000000
 16233 multiletter control sequences out of 15000+600000
 536941 words of font info for 35 fonts, out of 8000000 for 9000
 1141 hyphenation exceptions out of 8191
 31i,4n,29p,171b,406s stack positions out of 5000i,500n,10000p,200000b,80000s
{/opt/texlive/texdir/texmf-dist/fonts/enc/dvips/cm-super/cm-super-t
s1.enc}</opt/texlive/texdir/texmf-dist/fonts/type1/public/amsfonts/cm/cmbx10.pf
b></opt/texlive/texdir/texmf-dist/fonts/type1/public/amsfonts/cm/cmbx12.pfb></o
pt/texlive/texdir/texmf-dist/fonts/type1/public/amsfonts/cm/cmr10.pfb></opt/tex
live/texdir/texmf-dist/fonts/type1/public/cm-super/sfrm1000.pfb>
Output written on file1.pdf (3 pages, 57771 bytes).
PDF statistics:
 31 PDF objects out of 1000 (max. 8388607)
 21 compressed objects within 1 object stream
 0 named destinations out of 1000 (max. 500000)
 1 words of extra memory for PDF output out of 10000 (max. 10000000)

